<?xml version="1.0" encoding="UTF-8"?>
<!-- Generated by org.testng.reporters.JUnitReportReporter -->
<testsuite skipped="0" hostname="DESKTOP-FNHP0R0" name="com.crm.qa.testcases.AllAutomationPageTest" tests="1" failures="0" timestamp="23 Jun 2018 18:59:41 GMT" time="12.960" errors="0">
  <testcase name="clickStartDemo" time="12.960" classname="com.crm.qa.testcases.AllAutomationPageTest"/>
</testsuite> <!-- com.crm.qa.testcases.AllAutomationPageTest -->
